[2017-11-27 16:23:01,687] - log1.py] - INFO: -------管理员登录  用例结束-------
[2017-11-27 16:40:20,801] - log1.py] - INFO: -------管理员登录  用例结束-------
[2017-11-27 16:41:38,114] - log1.py] - INFO: -------管理员登录  用例结束-------
[2017-11-27 16:48:08,739] - log1.py] - INFO: -------管理员登录  用例结束-------
[2017-11-27 16:48:35,782] - log1.py] - INFO: -------管理员登录  用例结束-------
[2017-11-27 16:49:42,405] - log1.py] - INFO: -------管理员登录  用例结束-------
[2017-11-27 16:50:44,348] - log1.py] - INFO: -------管理员登录  用例结束-------
[2017-11-27 16:51:37,614] - log1.py] - INFO: -------管理员登录  用例结束-------
[2017-11-27 16:59:04,049] - log1.py] - INFO: -------管理员登录  用例结束-------
[2017-11-27 16:59:50,877] - log1.py] - INFO: -------管理员登录  用例结束-------
[2017-11-27 17:08:15,384] - log1.py] - INFO: -------管理员登录  用例结束-------
[2017-11-27 17:09:46,701] - log1.py] - INFO: -------管理员登录  用例结束-------
[2017-11-27 17:10:03,661] - log1.py] - INFO: -------新增公司    用例结束-------
[2017-11-27 17:10:03,996] - log1.py] - INFO: -------管理员退出  用例结束-------
[2017-11-27 17:10:28,723] - log1.py] - INFO: -------公司登录  用例结束-------
[2017-11-27 17:10:42,400] - log1.py] - INFO: -------公司退出  用例结束-------
[2017-11-27 17:21:04,750] - log1.py] - INFO: -------公司登录  用例结束-------
[2017-11-27 17:21:50,668] - log1.py] - INFO: -------公司登录  用例结束-------
[2017-11-27 17:22:04,398] - log1.py] - INFO: -------公司退出  用例结束-------
[2017-11-27 17:25:38,079] - log1.py] - INFO: -------公司登录  用例结束-------
